[29-Aug-2015 09:00:06 UTC] PHP Notice:  Undefined index: form_id in /Users/vivekbhusal/www/EnergySmartResident/wp-content/plugins/ninja-forms/includes/admin/ajax.php on line 216
[29-Aug-2015 09:00:06 UTC] PHP Stack trace:
[29-Aug-2015 09:00:06 UTC] PHP   1. {main}() /Users/vivekbhusal/www/EnergySmartResident/wp-admin/admin-ajax.php:0
[29-Aug-2015 09:00:06 UTC] PHP   2. do_action() /Users/vivekbhusal/www/EnergySmartResident/wp-admin/admin-ajax.php:89
[29-Aug-2015 09:00:06 UTC] PHP   3. call_user_func_array() /Users/vivekbhusal/www/EnergySmartResident/wp-includes/plugin.php:503
[29-Aug-2015 09:00:06 UTC] PHP   4. ninja_forms_remove_field() /Users/vivekbhusal/www/EnergySmartResident/wp-includes/plugin.php:503
[29-Aug-2015 09:00:33 UTC] PHP Notice:  Undefined index: form_id in /Users/vivekbhusal/www/EnergySmartResident/wp-content/plugins/ninja-forms/includes/admin/ajax.php on line 216
[29-Aug-2015 09:00:33 UTC] PHP Stack trace:
[29-Aug-2015 09:00:33 UTC] PHP   1. {main}() /Users/vivekbhusal/www/EnergySmartResident/wp-admin/admin-ajax.php:0
[29-Aug-2015 09:00:33 UTC] PHP   2. do_action() /Users/vivekbhusal/www/EnergySmartResident/wp-admin/admin-ajax.php:89
[29-Aug-2015 09:00:33 UTC] PHP   3. call_user_func_array() /Users/vivekbhusal/www/EnergySmartResident/wp-includes/plugin.php:503
[29-Aug-2015 09:00:33 UTC] PHP   4. ninja_forms_remove_field() /Users/vivekbhusal/www/EnergySmartResident/wp-includes/plugin.php:503
[29-Aug-2015 09:03:41 UTC] PHP Notice:  Undefined index: form_id in /Users/vivekbhusal/www/EnergySmartResident/wp-content/plugins/ninja-forms/includes/admin/ajax.php on line 216
[29-Aug-2015 09:03:41 UTC] PHP Stack trace:
[29-Aug-2015 09:03:41 UTC] PHP   1. {main}() /Users/vivekbhusal/www/EnergySmartResident/wp-admin/admin-ajax.php:0
[29-Aug-2015 09:03:41 UTC] PHP   2. do_action() /Users/vivekbhusal/www/EnergySmartResident/wp-admin/admin-ajax.php:89
[29-Aug-2015 09:03:41 UTC] PHP   3. call_user_func_array() /Users/vivekbhusal/www/EnergySmartResident/wp-includes/plugin.php:503
[29-Aug-2015 09:03:41 UTC] PHP   4. ninja_forms_remove_field() /Users/vivekbhusal/www/EnergySmartResident/wp-includes/plugin.php:503
[29-Aug-2015 09:04:18 UTC] PHP Notice:  Undefined index: form_id in /Users/vivekbhusal/www/EnergySmartResident/wp-content/plugins/ninja-forms/includes/admin/ajax.php on line 216
[29-Aug-2015 09:04:18 UTC] PHP Stack trace:
[29-Aug-2015 09:04:18 UTC] PHP   1. {main}() /Users/vivekbhusal/www/EnergySmartResident/wp-admin/admin-ajax.php:0
[29-Aug-2015 09:04:18 UTC] PHP   2. do_action() /Users/vivekbhusal/www/EnergySmartResident/wp-admin/admin-ajax.php:89
[29-Aug-2015 09:04:18 UTC] PHP   3. call_user_func_array() /Users/vivekbhusal/www/EnergySmartResident/wp-includes/plugin.php:503
[29-Aug-2015 09:04:18 UTC] PHP   4. ninja_forms_remove_field() /Users/vivekbhusal/www/EnergySmartResident/wp-includes/plugin.php:503
[30-Aug-2015 02:11:58 UTC] PHP Warning:  An unexpected error occurred. Something may be wrong with WordPress.org or this server&#8217;s configuration. If you continue to have problems, please try the <a href="https://wordpress.org/support/">support forums</a>. (WordPress could not establish a secure connection to WordPress.org. Please contact your server administrator.) in /Users/vivekbhusal/www/EnergySmartResident/wp-includes/update.php on line 122
[30-Aug-2015 02:11:58 UTC] PHP Stack trace:
[30-Aug-2015 02:11:58 UTC] PHP   1. {main}() /Users/vivekbhusal/www/EnergySmartResident/wp-cron.php:0
[30-Aug-2015 02:11:58 UTC] PHP   2. do_action_ref_array() /Users/vivekbhusal/www/EnergySmartResident/wp-cron.php:117
[30-Aug-2015 02:11:58 UTC] PHP   3. call_user_func_array() /Users/vivekbhusal/www/EnergySmartResident/wp-includes/plugin.php:579
[30-Aug-2015 02:11:58 UTC] PHP   4. wp_version_check() /Users/vivekbhusal/www/EnergySmartResident/wp-includes/plugin.php:579
[30-Aug-2015 02:11:58 UTC] PHP   5. trigger_error() /Users/vivekbhusal/www/EnergySmartResident/wp-includes/update.php:122
[30-Aug-2015 02:11:58 UTC] PHP Warning:  An unexpected error occurred. Something may be wrong with WordPress.org or this server&#8217;s configuration. If you continue to have problems, please try the <a href="https://wordpress.org/support/">support forums</a>. (WordPress could not establish a secure connection to WordPress.org. Please contact your server administrator.) in /Users/vivekbhusal/www/EnergySmartResident/wp-includes/update.php on line 302
[30-Aug-2015 02:11:58 UTC] PHP Stack trace:
[30-Aug-2015 02:11:58 UTC] PHP   1. {main}() /Users/vivekbhusal/www/EnergySmartResident/wp-cron.php:0
[30-Aug-2015 02:11:58 UTC] PHP   2. do_action_ref_array() /Users/vivekbhusal/www/EnergySmartResident/wp-cron.php:117
[30-Aug-2015 02:11:58 UTC] PHP   3. call_user_func_array() /Users/vivekbhusal/www/EnergySmartResident/wp-includes/plugin.php:579
[30-Aug-2015 02:11:58 UTC] PHP   4. wp_update_plugins() /Users/vivekbhusal/www/EnergySmartResident/wp-includes/plugin.php:579
[30-Aug-2015 02:11:58 UTC] PHP   5. trigger_error() /Users/vivekbhusal/www/EnergySmartResident/wp-includes/update.php:302
[30-Aug-2015 02:11:58 UTC] PHP Warning:  An unexpected error occurred. Something may be wrong with WordPress.org or this server&#8217;s configuration. If you continue to have problems, please try the <a href="https://wordpress.org/support/">support forums</a>. (WordPress could not establish a secure connection to WordPress.org. Please contact your server administrator.) in /Users/vivekbhusal/www/EnergySmartResident/wp-includes/update.php on line 466
[30-Aug-2015 02:11:58 UTC] PHP Stack trace:
[30-Aug-2015 02:11:58 UTC] PHP   1. {main}() /Users/vivekbhusal/www/EnergySmartResident/wp-cron.php:0
[30-Aug-2015 02:11:58 UTC] PHP   2. do_action_ref_array() /Users/vivekbhusal/www/EnergySmartResident/wp-cron.php:117
[30-Aug-2015 02:11:58 UTC] PHP   3. call_user_func_array() /Users/vivekbhusal/www/EnergySmartResident/wp-includes/plugin.php:579
[30-Aug-2015 02:11:58 UTC] PHP   4. wp_update_themes() /Users/vivekbhusal/www/EnergySmartResident/wp-includes/plugin.php:579
[30-Aug-2015 02:11:58 UTC] PHP   5. trigger_error() /Users/vivekbhusal/www/EnergySmartResident/wp-includes/update.php:466
[30-Aug-2015 02:11:58 UTC] PHP Warning:  An unexpected error occurred. Something may be wrong with WordPress.org or this server&#8217;s configuration. If you continue to have problems, please try the <a href="https://wordpress.org/support/">support forums</a>. (WordPress could not establish a secure connection to WordPress.org. Please contact your server administrator.) in /Users/vivekbhusal/www/EnergySmartResident/wp-includes/update.php on line 302
[30-Aug-2015 02:11:58 UTC] PHP Stack trace:
[30-Aug-2015 02:11:58 UTC] PHP   1. {main}() /Users/vivekbhusal/www/EnergySmartResident/wp-cron.php:0
[30-Aug-2015 02:11:58 UTC] PHP   2. do_action_ref_array() /Users/vivekbhusal/www/EnergySmartResident/wp-cron.php:117
[30-Aug-2015 02:11:58 UTC] PHP   3. call_user_func_array() /Users/vivekbhusal/www/EnergySmartResident/wp-includes/plugin.php:579
[30-Aug-2015 02:11:58 UTC] PHP   4. wp_maybe_auto_update() /Users/vivekbhusal/www/EnergySmartResident/wp-includes/plugin.php:579
[30-Aug-2015 02:11:58 UTC] PHP   5. WP_Automatic_Updater->run() /Users/vivekbhusal/www/EnergySmartResident/wp-includes/update.php:498
[30-Aug-2015 02:11:58 UTC] PHP   6. wp_update_plugins() /Users/vivekbhusal/www/EnergySmartResident/wp-admin/includes/class-wp-upgrader.php:2871
[30-Aug-2015 02:11:58 UTC] PHP   7. trigger_error() /Users/vivekbhusal/www/EnergySmartResident/wp-includes/update.php:302
[30-Aug-2015 02:11:58 UTC] PHP Warning:  An unexpected error occurred. Something may be wrong with WordPress.org or this server&#8217;s configuration. If you continue to have problems, please try the <a href="https://wordpress.org/support/">support forums</a>. (WordPress could not establish a secure connection to WordPress.org. Please contact your server administrator.) in /Users/vivekbhusal/www/EnergySmartResident/wp-includes/update.php on line 466
[30-Aug-2015 02:11:58 UTC] PHP Stack trace:
[30-Aug-2015 02:11:58 UTC] PHP   1. {main}() /Users/vivekbhusal/www/EnergySmartResident/wp-cron.php:0
[30-Aug-2015 02:11:58 UTC] PHP   2. do_action_ref_array() /Users/vivekbhusal/www/EnergySmartResident/wp-cron.php:117
[30-Aug-2015 02:11:58 UTC] PHP   3. call_user_func_array() /Users/vivekbhusal/www/EnergySmartResident/wp-includes/plugin.php:579
[30-Aug-2015 02:11:58 UTC] PHP   4. wp_maybe_auto_update() /Users/vivekbhusal/www/EnergySmartResident/wp-includes/plugin.php:579
[30-Aug-2015 02:11:58 UTC] PHP   5. WP_Automatic_Updater->run() /Users/vivekbhusal/www/EnergySmartResident/wp-includes/update.php:498
[30-Aug-2015 02:11:58 UTC] PHP   6. wp_update_themes() /Users/vivekbhusal/www/EnergySmartResident/wp-admin/includes/class-wp-upgrader.php:2882
[30-Aug-2015 02:11:58 UTC] PHP   7. trigger_error() /Users/vivekbhusal/www/EnergySmartResident/wp-includes/update.php:466
[30-Aug-2015 02:11:58 UTC] PHP Warning:  An unexpected error occurred. Something may be wrong with WordPress.org or this server&#8217;s configuration. If you continue to have problems, please try the <a href="https://wordpress.org/support/">support forums</a>. (WordPress could not establish a secure connection to WordPress.org. Please contact your server administrator.) in /Users/vivekbhusal/www/EnergySmartResident/wp-includes/update.php on line 466
[30-Aug-2015 02:11:58 UTC] PHP Stack trace:
[30-Aug-2015 02:11:58 UTC] PHP   1. {main}() /Users/vivekbhusal/www/EnergySmartResident/wp-cron.php:0
[30-Aug-2015 02:11:58 UTC] PHP   2. do_action_ref_array() /Users/vivekbhusal/www/EnergySmartResident/wp-cron.php:117
[30-Aug-2015 02:11:58 UTC] PHP   3. call_user_func_array() /Users/vivekbhusal/www/EnergySmartResident/wp-includes/plugin.php:579
[30-Aug-2015 02:11:58 UTC] PHP   4. wp_maybe_auto_update() /Users/vivekbhusal/www/EnergySmartResident/wp-includes/plugin.php:579
[30-Aug-2015 02:11:58 UTC] PHP   5. WP_Automatic_Updater->run() /Users/vivekbhusal/www/EnergySmartResident/wp-includes/update.php:498
[30-Aug-2015 02:11:58 UTC] PHP   6. wp_update_themes() /Users/vivekbhusal/www/EnergySmartResident/wp-admin/includes/class-wp-upgrader.php:2907
[30-Aug-2015 02:11:58 UTC] PHP   7. trigger_error() /Users/vivekbhusal/www/EnergySmartResident/wp-includes/update.php:466
[30-Aug-2015 02:11:58 UTC] PHP Warning:  An unexpected error occurred. Something may be wrong with WordPress.org or this server&#8217;s configuration. If you continue to have problems, please try the <a href="https://wordpress.org/support/">support forums</a>. (WordPress could not establish a secure connection to WordPress.org. Please contact your server administrator.) in /Users/vivekbhusal/www/EnergySmartResident/wp-includes/update.php on line 302
[30-Aug-2015 02:11:58 UTC] PHP Stack trace:
[30-Aug-2015 02:11:58 UTC] PHP   1. {main}() /Users/vivekbhusal/www/EnergySmartResident/wp-cron.php:0
[30-Aug-2015 02:11:58 UTC] PHP   2. do_action_ref_array() /Users/vivekbhusal/www/EnergySmartResident/wp-cron.php:117
[30-Aug-2015 02:11:58 UTC] PHP   3. call_user_func_array() /Users/vivekbhusal/www/EnergySmartResident/wp-includes/plugin.php:579
[30-Aug-2015 02:11:58 UTC] PHP   4. wp_maybe_auto_update() /Users/vivekbhusal/www/EnergySmartResident/wp-includes/plugin.php:579
[30-Aug-2015 02:11:58 UTC] PHP   5. WP_Automatic_Updater->run() /Users/vivekbhusal/www/EnergySmartResident/wp-includes/update.php:498
[30-Aug-2015 02:11:58 UTC] PHP   6. wp_update_plugins() /Users/vivekbhusal/www/EnergySmartResident/wp-admin/includes/class-wp-upgrader.php:2915
[30-Aug-2015 02:11:58 UTC] PHP   7. trigger_error() /Users/vivekbhusal/www/EnergySmartResident/wp-includes/update.php:302
[30-Aug-2015 02:18:34 UTC] PHP Warning:  An unexpected error occurred. Something may be wrong with WordPress.org or this server&#8217;s configuration. If you continue to have problems, please try the <a href="https://wordpress.org/support/">support forums</a>. (WordPress could not establish a secure connection to WordPress.org. Please contact your server administrator.) in /Users/vivekbhusal/www/EnergySmartResident/wp-admin/includes/plugin-install.php on line 83
[30-Aug-2015 02:18:34 UTC] PHP Stack trace:
[30-Aug-2015 02:18:34 UTC] PHP   1. {main}() /Users/vivekbhusal/www/EnergySmartResident/wp-admin/plugin-install.php:0
[30-Aug-2015 02:18:34 UTC] PHP   2. WP_Plugin_Install_List_Table->prepare_items() /Users/vivekbhusal/www/EnergySmartResident/wp-admin/plugin-install.php:39
[30-Aug-2015 02:18:34 UTC] PHP   3. plugins_api() /Users/vivekbhusal/www/EnergySmartResident/wp-admin/includes/class-wp-plugin-install-list-table.php:194
[30-Aug-2015 02:18:34 UTC] PHP   4. trigger_error() /Users/vivekbhusal/www/EnergySmartResident/wp-admin/includes/plugin-install.php:83
[30-Aug-2015 02:18:38 UTC] PHP Warning:  An unexpected error occurred. Something may be wrong with WordPress.org or this server&#8217;s configuration. If you continue to have problems, please try the <a href="https://wordpress.org/support/">support forums</a>. (WordPress could not establish a secure connection to WordPress.org. Please contact your server administrator.) in /Users/vivekbhusal/www/EnergySmartResident/wp-admin/includes/plugin-install.php on line 83
[30-Aug-2015 02:18:38 UTC] PHP Stack trace:
[30-Aug-2015 02:18:38 UTC] PHP   1. {main}() /Users/vivekbhusal/www/EnergySmartResident/wp-admin/plugin-install.php:0
[30-Aug-2015 02:18:38 UTC] PHP   2. WP_Plugin_Install_List_Table->prepare_items() /Users/vivekbhusal/www/EnergySmartResident/wp-admin/plugin-install.php:39
[30-Aug-2015 02:18:38 UTC] PHP   3. plugins_api() /Users/vivekbhusal/www/EnergySmartResident/wp-admin/includes/class-wp-plugin-install-list-table.php:194
[30-Aug-2015 02:18:38 UTC] PHP   4. trigger_error() /Users/vivekbhusal/www/EnergySmartResident/wp-admin/includes/plugin-install.php:83
[30-Aug-2015 02:18:51 UTC] PHP Warning:  An unexpected error occurred. Something may be wrong with WordPress.org or this server&#8217;s configuration. If you continue to have problems, please try the <a href="https://wordpress.org/support/">support forums</a>. (WordPress could not establish a secure connection to WordPress.org. Please contact your server administrator.) in /Users/vivekbhusal/www/EnergySmartResident/wp-admin/includes/plugin-install.php on line 83
[30-Aug-2015 02:18:51 UTC] PHP Stack trace:
[30-Aug-2015 02:18:51 UTC] PHP   1. {main}() /Users/vivekbhusal/www/EnergySmartResident/wp-admin/plugin-install.php:0
[30-Aug-2015 02:18:51 UTC] PHP   2. WP_Plugin_Install_List_Table->prepare_items() /Users/vivekbhusal/www/EnergySmartResident/wp-admin/plugin-install.php:39
[30-Aug-2015 02:18:51 UTC] PHP   3. plugins_api() /Users/vivekbhusal/www/EnergySmartResident/wp-admin/includes/class-wp-plugin-install-list-table.php:194
[30-Aug-2015 02:18:51 UTC] PHP   4. trigger_error() /Users/vivekbhusal/www/EnergySmartResident/wp-admin/includes/plugin-install.php:83
[30-Aug-2015 02:18:53 UTC] PHP Warning:  An unexpected error occurred. Something may be wrong with WordPress.org or this server&#8217;s configuration. If you continue to have problems, please try the <a href="https://wordpress.org/support/">support forums</a>. (WordPress could not establish a secure connection to WordPress.org. Please contact your server administrator.) in /Users/vivekbhusal/www/EnergySmartResident/wp-admin/includes/plugin-install.php on line 83
[30-Aug-2015 02:18:53 UTC] PHP Stack trace:
[30-Aug-2015 02:18:53 UTC] PHP   1. {main}() /Users/vivekbhusal/www/EnergySmartResident/wp-admin/plugin-install.php:0
[30-Aug-2015 02:18:53 UTC] PHP   2. WP_Plugin_Install_List_Table->prepare_items() /Users/vivekbhusal/www/EnergySmartResident/wp-admin/plugin-install.php:39
[30-Aug-2015 02:18:53 UTC] PHP   3. plugins_api() /Users/vivekbhusal/www/EnergySmartResident/wp-admin/includes/class-wp-plugin-install-list-table.php:194
[30-Aug-2015 02:18:53 UTC] PHP   4. trigger_error() /Users/vivekbhusal/www/EnergySmartResident/wp-admin/includes/plugin-install.php:83
[30-Aug-2015 02:19:10 UTC] PHP Warning:  An unexpected error occurred. Something may be wrong with WordPress.org or this server&#8217;s configuration. If you continue to have problems, please try the <a href="https://wordpress.org/support/">support forums</a>. (WordPress could not establish a secure connection to WordPress.org. Please contact your server administrator.) in /Users/vivekbhusal/www/EnergySmartResident/wp-admin/includes/plugin-install.php on line 83
[30-Aug-2015 02:19:10 UTC] PHP Stack trace:
[30-Aug-2015 02:19:10 UTC] PHP   1. {main}() /Users/vivekbhusal/www/EnergySmartResident/wp-admin/plugin-install.php:0
[30-Aug-2015 02:19:10 UTC] PHP   2. WP_Plugin_Install_List_Table->prepare_items() /Users/vivekbhusal/www/EnergySmartResident/wp-admin/plugin-install.php:39
[30-Aug-2015 02:19:10 UTC] PHP   3. plugins_api() /Users/vivekbhusal/www/EnergySmartResident/wp-admin/includes/class-wp-plugin-install-list-table.php:194
[30-Aug-2015 02:19:10 UTC] PHP   4. trigger_error() /Users/vivekbhusal/www/EnergySmartResident/wp-admin/includes/plugin-install.php:83
[30-Aug-2015 03:39:51 UTC] PHP Parse error:  parse error in /Users/vivekbhusal/www/EnergySmartResident/wp-content/plugins/easy-admin-theme/easy-admin-theme.php on line 132
[30-Aug-2015 03:39:51 UTC] PHP Stack trace:
[30-Aug-2015 03:39:51 UTC] PHP   1. {main}() /Users/vivekbhusal/www/EnergySmartResident/wp-admin/plugins.php:0
[30-Aug-2015 03:39:51 UTC] PHP   2. activate_plugin() /Users/vivekbhusal/www/EnergySmartResident/wp-admin/plugins.php:42
[30-Aug-2015 03:39:52 UTC] PHP Parse error:  parse error in /Users/vivekbhusal/www/EnergySmartResident/wp-content/plugins/easy-admin-theme/easy-admin-theme.php on line 132
[30-Aug-2015 03:39:52 UTC] PHP Stack trace:
[30-Aug-2015 03:39:52 UTC] PHP   1. {main}() /Users/vivekbhusal/www/EnergySmartResident/wp-admin/plugins.php:0
[30-Aug-2015 03:39:52 UTC] PHP   2. plugin_sandbox_scrape() /Users/vivekbhusal/www/EnergySmartResident/wp-admin/plugins.php:158
[30-Aug-2015 03:39:52 UTC] PHP Parse error:  parse error in /Users/vivekbhusal/www/EnergySmartResident/wp-content/plugins/easy-admin-theme/easy-admin-theme.php on line 132
[30-Aug-2015 03:39:52 UTC] PHP Stack trace:
[30-Aug-2015 03:39:52 UTC] PHP   1. {main}() /Users/vivekbhusal/www/EnergySmartResident/wp-admin/plugins.php:0
[30-Aug-2015 03:39:52 UTC] PHP   2. plugin_sandbox_scrape() /Users/vivekbhusal/www/EnergySmartResident/wp-admin/plugins.php:158
[01-Sep-2015 04:41:26 UTC] PHP Notice:  Undefined index: apsl_user_role in /Users/vivekbhusal/www/EnergySmartResident/wp-content/plugins/accesspress-social-login-lite/inc/frontend/login_check.php on line 318
[01-Sep-2015 04:41:26 UTC] PHP Stack trace:
[01-Sep-2015 04:41:26 UTC] PHP   1. {main}() /Users/vivekbhusal/www/EnergySmartResident/wp-login.php:0
[01-Sep-2015 04:41:26 UTC] PHP   2. require() /Users/vivekbhusal/www/EnergySmartResident/wp-login.php:12
[01-Sep-2015 04:41:26 UTC] PHP   3. require_once() /Users/vivekbhusal/www/EnergySmartResident/wp-load.php:37
[01-Sep-2015 04:41:26 UTC] PHP   4. require_once() /Users/vivekbhusal/www/EnergySmartResident/wp-config.php:104
[01-Sep-2015 04:41:26 UTC] PHP   5. do_action() /Users/vivekbhusal/www/EnergySmartResident/wp-settings.php:353
[01-Sep-2015 04:41:26 UTC] PHP   6. call_user_func_array() /Users/vivekbhusal/www/EnergySmartResident/wp-includes/plugin.php:503
[01-Sep-2015 04:41:26 UTC] PHP   7. APSL_Lite_Class->login_check() /Users/vivekbhusal/www/EnergySmartResident/wp-includes/plugin.php:503
[01-Sep-2015 04:41:26 UTC] PHP   8. include() /Users/vivekbhusal/www/EnergySmartResident/wp-content/plugins/accesspress-social-login-lite/accesspress-social-login-lite.php:278
[01-Sep-2015 04:41:26 UTC] PHP   9. APSL_Lite_Login_Check_Class->__construct() /Users/vivekbhusal/www/EnergySmartResident/wp-content/plugins/accesspress-social-login-lite/inc/frontend/login_check.php:623
[01-Sep-2015 04:41:26 UTC] PHP  10. APSL_Lite_Login_Check_Class->onGoogleLogin() /Users/vivekbhusal/www/EnergySmartResident/wp-content/plugins/accesspress-social-login-lite/inc/frontend/login_check.php:39
[01-Sep-2015 05:23:49 UTC] PHP Notice:  Undefined index: page in /Users/vivekbhusal/www/EnergySmartResident/wp-content/plugins/login-page-designer/login-page-designer.php on line 156
[01-Sep-2015 05:23:49 UTC] PHP Stack trace:
[01-Sep-2015 05:23:49 UTC] PHP   1. {main}() /Users/vivekbhusal/www/EnergySmartResident/wp-admin/plugins.php:0
[01-Sep-2015 05:23:49 UTC] PHP   2. require_once() /Users/vivekbhusal/www/EnergySmartResident/wp-admin/plugins.php:401
[01-Sep-2015 05:23:49 UTC] PHP   3. do_action() /Users/vivekbhusal/www/EnergySmartResident/wp-admin/admin-header.php:92
[01-Sep-2015 05:23:49 UTC] PHP   4. call_user_func_array() /Users/vivekbhusal/www/EnergySmartResident/wp-includes/plugin.php:503
[01-Sep-2015 05:23:49 UTC] PHP   5. wlpd_add_color_picker() /Users/vivekbhusal/www/EnergySmartResident/wp-includes/plugin.php:503
[01-Sep-2015 05:24:39 UTC] PHP Notice:  Undefined index: page in /Users/vivekbhusal/www/EnergySmartResident/wp-content/plugins/login-page-designer/login-page-designer.php on line 156
[01-Sep-2015 05:24:39 UTC] PHP Stack trace:
[01-Sep-2015 05:24:39 UTC] PHP   1. {main}() /Users/vivekbhusal/www/EnergySmartResident/wp-admin/media-upload.php:0
[01-Sep-2015 05:24:39 UTC] PHP   2. do_action() /Users/vivekbhusal/www/EnergySmartResident/wp-admin/media-upload.php:89
[01-Sep-2015 05:24:39 UTC] PHP   3. call_user_func_array() /Users/vivekbhusal/www/EnergySmartResident/wp-includes/plugin.php:503
[01-Sep-2015 05:24:39 UTC] PHP   4. wp_media_upload_handler() /Users/vivekbhusal/www/EnergySmartResident/wp-includes/plugin.php:503
[01-Sep-2015 05:24:39 UTC] PHP   5. wp_iframe() /Users/vivekbhusal/www/EnergySmartResident/wp-admin/includes/media.php:825
[01-Sep-2015 05:24:39 UTC] PHP   6. do_action() /Users/vivekbhusal/www/EnergySmartResident/wp-admin/includes/media.php:462
[01-Sep-2015 05:24:39 UTC] PHP   7. call_user_func_array() /Users/vivekbhusal/www/EnergySmartResident/wp-includes/plugin.php:503
[01-Sep-2015 05:24:39 UTC] PHP   8. wlpd_add_color_picker() /Users/vivekbhusal/www/EnergySmartResident/wp-includes/plugin.php:503
[01-Sep-2015 05:25:16 UTC] PHP Notice:  Undefined index: page in /Users/vivekbhusal/www/EnergySmartResident/wp-content/plugins/login-page-designer/login-page-designer.php on line 156
[01-Sep-2015 05:25:16 UTC] PHP Stack trace:
[01-Sep-2015 05:25:17 UTC] PHP   1. {main}() /Users/vivekbhusal/www/EnergySmartResident/wp-admin/media-upload.php:0
[01-Sep-2015 05:25:17 UTC] PHP   2. do_action() /Users/vivekbhusal/www/EnergySmartResident/wp-admin/media-upload.php:89
[01-Sep-2015 05:25:17 UTC] PHP   3. call_user_func_array() /Users/vivekbhusal/www/EnergySmartResident/wp-includes/plugin.php:503
[01-Sep-2015 05:25:17 UTC] PHP   4. wp_media_upload_handler() /Users/vivekbhusal/www/EnergySmartResident/wp-includes/plugin.php:503
[01-Sep-2015 05:25:17 UTC] PHP   5. media_upload_gallery() /Users/vivekbhusal/www/EnergySmartResident/wp-admin/includes/media.php:808
[01-Sep-2015 05:25:17 UTC] PHP   6. wp_iframe() /Users/vivekbhusal/www/EnergySmartResident/wp-admin/includes/media.php:902
[01-Sep-2015 05:25:17 UTC] PHP   7. do_action() /Users/vivekbhusal/www/EnergySmartResident/wp-admin/includes/media.php:462
[01-Sep-2015 05:25:17 UTC] PHP   8. call_user_func_array() /Users/vivekbhusal/www/EnergySmartResident/wp-includes/plugin.php:503
[01-Sep-2015 05:25:17 UTC] PHP   9. wlpd_add_color_picker() /Users/vivekbhusal/www/EnergySmartResident/wp-includes/plugin.php:503
[01-Sep-2015 05:25:24 UTC] PHP Notice:  Undefined index: page in /Users/vivekbhusal/www/EnergySmartResident/wp-content/plugins/login-page-designer/login-page-designer.php on line 156
[01-Sep-2015 05:25:24 UTC] PHP Stack trace:
[01-Sep-2015 05:25:24 UTC] PHP   1. {main}() /Users/vivekbhusal/www/EnergySmartResident/wp-admin/media-upload.php:0
[01-Sep-2015 05:25:24 UTC] PHP   2. do_action() /Users/vivekbhusal/www/EnergySmartResident/wp-admin/media-upload.php:89
[01-Sep-2015 05:25:24 UTC] PHP   3. call_user_func_array() /Users/vivekbhusal/www/EnergySmartResident/wp-includes/plugin.php:503
[01-Sep-2015 05:25:24 UTC] PHP   4. wp_media_upload_handler() /Users/vivekbhusal/www/EnergySmartResident/wp-includes/plugin.php:503
[01-Sep-2015 05:25:24 UTC] PHP   5. wp_iframe() /Users/vivekbhusal/www/EnergySmartResident/wp-admin/includes/media.php:825
[01-Sep-2015 05:25:24 UTC] PHP   6. do_action() /Users/vivekbhusal/www/EnergySmartResident/wp-admin/includes/media.php:462
[01-Sep-2015 05:25:24 UTC] PHP   7. call_user_func_array() /Users/vivekbhusal/www/EnergySmartResident/wp-includes/plugin.php:503
[01-Sep-2015 05:25:24 UTC] PHP   8. wlpd_add_color_picker() /Users/vivekbhusal/www/EnergySmartResident/wp-includes/plugin.php:503
[01-Sep-2015 05:25:26 UTC] PHP Notice:  Undefined index: page in /Users/vivekbhusal/www/EnergySmartResident/wp-content/plugins/login-page-designer/login-page-designer.php on line 156
[01-Sep-2015 05:25:26 UTC] PHP Stack trace:
[01-Sep-2015 05:25:26 UTC] PHP   1. {main}() /Users/vivekbhusal/www/EnergySmartResident/wp-admin/media-upload.php:0
[01-Sep-2015 05:25:26 UTC] PHP   2. do_action() /Users/vivekbhusal/www/EnergySmartResident/wp-admin/media-upload.php:101
[01-Sep-2015 05:25:26 UTC] PHP   3. call_user_func_array() /Users/vivekbhusal/www/EnergySmartResident/wp-includes/plugin.php:503
[01-Sep-2015 05:25:26 UTC] PHP   4. media_upload_library() /Users/vivekbhusal/www/EnergySmartResident/wp-includes/plugin.php:503
[01-Sep-2015 05:25:26 UTC] PHP   5. wp_iframe() /Users/vivekbhusal/www/EnergySmartResident/wp-admin/includes/media.php:923
[01-Sep-2015 05:25:26 UTC] PHP   6. do_action() /Users/vivekbhusal/www/EnergySmartResident/wp-admin/includes/media.php:462
[01-Sep-2015 05:25:26 UTC] PHP   7. call_user_func_array() /Users/vivekbhusal/www/EnergySmartResident/wp-includes/plugin.php:503
[01-Sep-2015 05:25:26 UTC] PHP   8. wlpd_add_color_picker() /Users/vivekbhusal/www/EnergySmartResident/wp-includes/plugin.php:503
[01-Sep-2015 05:26:26 UTC] PHP Notice:  Undefined index: page in /Users/vivekbhusal/www/EnergySmartResident/wp-content/plugins/login-page-designer/login-page-designer.php on line 156
[01-Sep-2015 05:26:26 UTC] PHP Stack trace:
[01-Sep-2015 05:26:26 UTC] PHP   1. {main}() /Users/vivekbhusal/www/EnergySmartResident/wp-admin/media-upload.php:0
[01-Sep-2015 05:26:26 UTC] PHP   2. do_action() /Users/vivekbhusal/www/EnergySmartResident/wp-admin/media-upload.php:89
[01-Sep-2015 05:26:26 UTC] PHP   3. call_user_func_array() /Users/vivekbhusal/www/EnergySmartResident/wp-includes/plugin.php:503
[01-Sep-2015 05:26:26 UTC] PHP   4. wp_media_upload_handler() /Users/vivekbhusal/www/EnergySmartResident/wp-includes/plugin.php:503
[01-Sep-2015 05:26:26 UTC] PHP   5. wp_iframe() /Users/vivekbhusal/www/EnergySmartResident/wp-admin/includes/media.php:825
[01-Sep-2015 05:26:26 UTC] PHP   6. do_action() /Users/vivekbhusal/www/EnergySmartResident/wp-admin/includes/media.php:462
[01-Sep-2015 05:26:26 UTC] PHP   7. call_user_func_array() /Users/vivekbhusal/www/EnergySmartResident/wp-includes/plugin.php:503
[01-Sep-2015 05:26:26 UTC] PHP   8. wlpd_add_color_picker() /Users/vivekbhusal/www/EnergySmartResident/wp-includes/plugin.php:503
[01-Sep-2015 05:26:28 UTC] PHP Notice:  Undefined index: page in /Users/vivekbhusal/www/EnergySmartResident/wp-content/plugins/login-page-designer/login-page-designer.php on line 156
[01-Sep-2015 05:26:28 UTC] PHP Stack trace:
[01-Sep-2015 05:26:28 UTC] PHP   1. {main}() /Users/vivekbhusal/www/EnergySmartResident/wp-admin/media-upload.php:0
[01-Sep-2015 05:26:28 UTC] PHP   2. do_action() /Users/vivekbhusal/www/EnergySmartResident/wp-admin/media-upload.php:101
[01-Sep-2015 05:26:28 UTC] PHP   3. call_user_func_array() /Users/vivekbhusal/www/EnergySmartResident/wp-includes/plugin.php:503
[01-Sep-2015 05:26:28 UTC] PHP   4. media_upload_library() /Users/vivekbhusal/www/EnergySmartResident/wp-includes/plugin.php:503
[01-Sep-2015 05:26:28 UTC] PHP   5. wp_iframe() /Users/vivekbhusal/www/EnergySmartResident/wp-admin/includes/media.php:923
[01-Sep-2015 05:26:28 UTC] PHP   6. do_action() /Users/vivekbhusal/www/EnergySmartResident/wp-admin/includes/media.php:462
[01-Sep-2015 05:26:28 UTC] PHP   7. call_user_func_array() /Users/vivekbhusal/www/EnergySmartResident/wp-includes/plugin.php:503
[01-Sep-2015 05:26:28 UTC] PHP   8. wlpd_add_color_picker() /Users/vivekbhusal/www/EnergySmartResident/wp-includes/plugin.php:503
[01-Sep-2015 05:26:31 UTC] PHP Notice:  Undefined index: page in /Users/vivekbhusal/www/EnergySmartResident/wp-content/plugins/login-page-designer/login-page-designer.php on line 156
[01-Sep-2015 05:26:31 UTC] PHP Stack trace:
[01-Sep-2015 05:26:31 UTC] PHP   1. {main}() /Users/vivekbhusal/www/EnergySmartResident/wp-admin/media-upload.php:0
[01-Sep-2015 05:26:31 UTC] PHP   2. do_action() /Users/vivekbhusal/www/EnergySmartResident/wp-admin/media-upload.php:89
[01-Sep-2015 05:26:31 UTC] PHP   3. call_user_func_array() /Users/vivekbhusal/www/EnergySmartResident/wp-includes/plugin.php:503
[01-Sep-2015 05:26:31 UTC] PHP   4. wp_media_upload_handler() /Users/vivekbhusal/www/EnergySmartResident/wp-includes/plugin.php:503
[01-Sep-2015 05:26:31 UTC] PHP   5. wp_iframe() /Users/vivekbhusal/www/EnergySmartResident/wp-admin/includes/media.php:825
[01-Sep-2015 05:26:31 UTC] PHP   6. do_action() /Users/vivekbhusal/www/EnergySmartResident/wp-admin/includes/media.php:462
[01-Sep-2015 05:26:31 UTC] PHP   7. call_user_func_array() /Users/vivekbhusal/www/EnergySmartResident/wp-includes/plugin.php:503
[01-Sep-2015 05:26:31 UTC] PHP   8. wlpd_add_color_picker() /Users/vivekbhusal/www/EnergySmartResident/wp-includes/plugin.php:503
[01-Sep-2015 05:27:04 UTC] PHP Notice:  Undefined index: page in /Users/vivekbhusal/www/EnergySmartResident/wp-content/plugins/login-page-designer/login-page-designer.php on line 156
[01-Sep-2015 05:27:04 UTC] PHP Stack trace:
[01-Sep-2015 05:27:04 UTC] PHP   1. {main}() /Users/vivekbhusal/www/EnergySmartResident/wp-admin/media-upload.php:0
[01-Sep-2015 05:27:04 UTC] PHP   2. do_action() /Users/vivekbhusal/www/EnergySmartResident/wp-admin/media-upload.php:89
[01-Sep-2015 05:27:04 UTC] PHP   3. call_user_func_array() /Users/vivekbhusal/www/EnergySmartResident/wp-includes/plugin.php:503
[01-Sep-2015 05:27:04 UTC] PHP   4. wp_media_upload_handler() /Users/vivekbhusal/www/EnergySmartResident/wp-includes/plugin.php:503
[01-Sep-2015 05:27:04 UTC] PHP   5. wp_iframe() /Users/vivekbhusal/www/EnergySmartResident/wp-admin/includes/media.php:825
[01-Sep-2015 05:27:04 UTC] PHP   6. do_action() /Users/vivekbhusal/www/EnergySmartResident/wp-admin/includes/media.php:462
[01-Sep-2015 05:27:04 UTC] PHP   7. call_user_func_array() /Users/vivekbhusal/www/EnergySmartResident/wp-includes/plugin.php:503
[01-Sep-2015 05:27:04 UTC] PHP   8. wlpd_add_color_picker() /Users/vivekbhusal/www/EnergySmartResident/wp-includes/plugin.php:503
[01-Sep-2015 05:27:06 UTC] PHP Notice:  Undefined index: page in /Users/vivekbhusal/www/EnergySmartResident/wp-content/plugins/login-page-designer/login-page-designer.php on line 156
[01-Sep-2015 05:27:06 UTC] PHP Stack trace:
[01-Sep-2015 05:27:06 UTC] PHP   1. {main}() /Users/vivekbhusal/www/EnergySmartResident/wp-admin/media-upload.php:0
[01-Sep-2015 05:27:06 UTC] PHP   2. do_action() /Users/vivekbhusal/www/EnergySmartResident/wp-admin/media-upload.php:101
[01-Sep-2015 05:27:06 UTC] PHP   3. call_user_func_array() /Users/vivekbhusal/www/EnergySmartResident/wp-includes/plugin.php:503
[01-Sep-2015 05:27:06 UTC] PHP   4. media_upload_library() /Users/vivekbhusal/www/EnergySmartResident/wp-includes/plugin.php:503
[01-Sep-2015 05:27:06 UTC] PHP   5. wp_iframe() /Users/vivekbhusal/www/EnergySmartResident/wp-admin/includes/media.php:923
[01-Sep-2015 05:27:06 UTC] PHP   6. do_action() /Users/vivekbhusal/www/EnergySmartResident/wp-admin/includes/media.php:462
[01-Sep-2015 05:27:06 UTC] PHP   7. call_user_func_array() /Users/vivekbhusal/www/EnergySmartResident/wp-includes/plugin.php:503
[01-Sep-2015 05:27:06 UTC] PHP   8. wlpd_add_color_picker() /Users/vivekbhusal/www/EnergySmartResident/wp-includes/plugin.php:503
[01-Sep-2015 05:27:07 UTC] PHP Notice:  Undefined index: page in /Users/vivekbhusal/www/EnergySmartResident/wp-content/plugins/login-page-designer/login-page-designer.php on line 156
[01-Sep-2015 05:27:07 UTC] PHP Stack trace:
[01-Sep-2015 05:27:07 UTC] PHP   1. {main}() /Users/vivekbhusal/www/EnergySmartResident/wp-admin/media-upload.php:0
[01-Sep-2015 05:27:07 UTC] PHP   2. do_action() /Users/vivekbhusal/www/EnergySmartResident/wp-admin/media-upload.php:101
[01-Sep-2015 05:27:07 UTC] PHP   3. call_user_func_array() /Users/vivekbhusal/www/EnergySmartResident/wp-includes/plugin.php:503
[01-Sep-2015 05:27:07 UTC] PHP   4. media_upload_library() /Users/vivekbhusal/www/EnergySmartResident/wp-includes/plugin.php:503
[01-Sep-2015 05:27:07 UTC] PHP   5. wp_iframe() /Users/vivekbhusal/www/EnergySmartResident/wp-admin/includes/media.php:923
[01-Sep-2015 05:27:07 UTC] PHP   6. do_action() /Users/vivekbhusal/www/EnergySmartResident/wp-admin/includes/media.php:462
[01-Sep-2015 05:27:07 UTC] PHP   7. call_user_func_array() /Users/vivekbhusal/www/EnergySmartResident/wp-includes/plugin.php:503
[01-Sep-2015 05:27:07 UTC] PHP   8. wlpd_add_color_picker() /Users/vivekbhusal/www/EnergySmartResident/wp-includes/plugin.php:503
[01-Sep-2015 05:38:18 UTC] PHP Notice:  Undefined index: page in /Users/vivekbhusal/www/EnergySmartResident/wp-content/plugins/login-page-designer/login-page-designer.php on line 156
[01-Sep-2015 05:38:18 UTC] PHP Stack trace:
[01-Sep-2015 05:38:18 UTC] PHP   1. {main}() /Users/vivekbhusal/www/EnergySmartResident/wp-admin/users.php:0
[01-Sep-2015 05:38:18 UTC] PHP   2. include() /Users/vivekbhusal/www/EnergySmartResident/wp-admin/users.php:390
[01-Sep-2015 05:38:18 UTC] PHP   3. do_action() /Users/vivekbhusal/www/EnergySmartResident/wp-admin/admin-header.php:92
[01-Sep-2015 05:38:18 UTC] PHP   4. call_user_func_array() /Users/vivekbhusal/www/EnergySmartResident/wp-includes/plugin.php:503
[01-Sep-2015 05:38:18 UTC] PHP   5. wlpd_add_color_picker() /Users/vivekbhusal/www/EnergySmartResident/wp-includes/plugin.php:503
[01-Sep-2015 05:39:03 UTC] PHP Notice:  Undefined index: page in /Users/vivekbhusal/www/EnergySmartResident/wp-content/plugins/login-page-designer/login-page-designer.php on line 156
[01-Sep-2015 05:39:03 UTC] PHP Stack trace:
[01-Sep-2015 05:39:03 UTC] PHP   1. {main}() /Users/vivekbhusal/www/EnergySmartResident/wp-admin/options-general.php:0
[01-Sep-2015 05:39:03 UTC] PHP   2. include() /Users/vivekbhusal/www/EnergySmartResident/wp-admin/options-general.php:108
[01-Sep-2015 05:39:03 UTC] PHP   3. do_action() /Users/vivekbhusal/www/EnergySmartResident/wp-admin/admin-header.php:92
[01-Sep-2015 05:39:03 UTC] PHP   4. call_user_func_array() /Users/vivekbhusal/www/EnergySmartResident/wp-includes/plugin.php:503
[01-Sep-2015 05:39:03 UTC] PHP   5. wlpd_add_color_picker() /Users/vivekbhusal/www/EnergySmartResident/wp-includes/plugin.php:503
[01-Sep-2015 05:39:12 UTC] PHP Notice:  Undefined index: page in /Users/vivekbhusal/www/EnergySmartResident/wp-content/plugins/login-page-designer/login-page-designer.php on line 156
[01-Sep-2015 05:39:12 UTC] PHP Stack trace:
[01-Sep-2015 05:39:12 UTC] PHP   1. {main}() /Users/vivekbhusal/www/EnergySmartResident/wp-admin/options-general.php:0
[01-Sep-2015 05:39:12 UTC] PHP   2. include() /Users/vivekbhusal/www/EnergySmartResident/wp-admin/options-general.php:108
[01-Sep-2015 05:39:12 UTC] PHP   3. do_action() /Users/vivekbhusal/www/EnergySmartResident/wp-admin/admin-header.php:92
[01-Sep-2015 05:39:12 UTC] PHP   4. call_user_func_array() /Users/vivekbhusal/www/EnergySmartResident/wp-includes/plugin.php:503
[01-Sep-2015 05:39:12 UTC] PHP   5. wlpd_add_color_picker() /Users/vivekbhusal/www/EnergySmartResident/wp-includes/plugin.php:503
[01-Sep-2015 05:42:03 UTC] PHP Notice:  Undefined index: page in /Users/vivekbhusal/www/EnergySmartResident/wp-content/plugins/login-page-designer/login-page-designer.php on line 156
[01-Sep-2015 05:42:03 UTC] PHP Stack trace:
[01-Sep-2015 05:42:03 UTC] PHP   1. {main}() /Users/vivekbhusal/www/EnergySmartResident/wp-admin/edit.php:0
[01-Sep-2015 05:42:03 UTC] PHP   2. require_once() /Users/vivekbhusal/www/EnergySmartResident/wp-admin/edit.php:283
[01-Sep-2015 05:42:03 UTC] PHP   3. do_action() /Users/vivekbhusal/www/EnergySmartResident/wp-admin/admin-header.php:92
[01-Sep-2015 05:42:03 UTC] PHP   4. call_user_func_array() /Users/vivekbhusal/www/EnergySmartResident/wp-includes/plugin.php:503
[01-Sep-2015 05:42:03 UTC] PHP   5. wlpd_add_color_picker() /Users/vivekbhusal/www/EnergySmartResident/wp-includes/plugin.php:503
[01-Sep-2015 05:42:07 UTC] PHP Notice:  Undefined index: page in /Users/vivekbhusal/www/EnergySmartResident/wp-content/plugins/login-page-designer/login-page-designer.php on line 156
[01-Sep-2015 05:42:07 UTC] PHP Stack trace:
[01-Sep-2015 05:42:07 UTC] PHP   1. {main}() /Users/vivekbhusal/www/EnergySmartResident/wp-admin/post.php:0
[01-Sep-2015 05:42:07 UTC] PHP   2. include() /Users/vivekbhusal/www/EnergySmartResident/wp-admin/post.php:218
[01-Sep-2015 05:42:07 UTC] PHP   3. require_once() /Users/vivekbhusal/www/EnergySmartResident/wp-admin/edit-form-advanced.php:413
[01-Sep-2015 05:42:07 UTC] PHP   4. do_action() /Users/vivekbhusal/www/EnergySmartResident/wp-admin/admin-header.php:92
[01-Sep-2015 05:42:07 UTC] PHP   5. call_user_func_array() /Users/vivekbhusal/www/EnergySmartResident/wp-includes/plugin.php:503
[01-Sep-2015 05:42:07 UTC] PHP   6. wlpd_add_color_picker() /Users/vivekbhusal/www/EnergySmartResident/wp-includes/plugin.php:503
[01-Sep-2015 05:42:18 UTC] PHP Notice:  Undefined index: page in /Users/vivekbhusal/www/EnergySmartResident/wp-content/plugins/login-page-designer/login-page-designer.php on line 156
[01-Sep-2015 05:42:18 UTC] PHP Stack trace:
[01-Sep-2015 05:42:18 UTC] PHP   1. {main}() /Users/vivekbhusal/www/EnergySmartResident/wp-admin/nav-menus.php:0
[01-Sep-2015 05:42:18 UTC] PHP   2. require_once() /Users/vivekbhusal/www/EnergySmartResident/wp-admin/nav-menus.php:564
[01-Sep-2015 05:42:18 UTC] PHP   3. do_action() /Users/vivekbhusal/www/EnergySmartResident/wp-admin/admin-header.php:92
[01-Sep-2015 05:42:18 UTC] PHP   4. call_user_func_array() /Users/vivekbhusal/www/EnergySmartResident/wp-includes/plugin.php:503
[01-Sep-2015 05:42:18 UTC] PHP   5. wlpd_add_color_picker() /Users/vivekbhusal/www/EnergySmartResident/wp-includes/plugin.php:503
[01-Sep-2015 05:42:31 UTC] PHP Notice:  Undefined index: page in /Users/vivekbhusal/www/EnergySmartResident/wp-content/plugins/login-page-designer/login-page-designer.php on line 156
[01-Sep-2015 05:42:31 UTC] PHP Stack trace:
[01-Sep-2015 05:42:31 UTC] PHP   1. {main}() /Users/vivekbhusal/www/EnergySmartResident/wp-admin/nav-menus.php:0
[01-Sep-2015 05:42:31 UTC] PHP   2. require_once() /Users/vivekbhusal/www/EnergySmartResident/wp-admin/nav-menus.php:564
[01-Sep-2015 05:42:31 UTC] PHP   3. do_action() /Users/vivekbhusal/www/EnergySmartResident/wp-admin/admin-header.php:92
[01-Sep-2015 05:42:31 UTC] PHP   4. call_user_func_array() /Users/vivekbhusal/www/EnergySmartResident/wp-includes/plugin.php:503
[01-Sep-2015 05:42:31 UTC] PHP   5. wlpd_add_color_picker() /Users/vivekbhusal/www/EnergySmartResident/wp-includes/plugin.php:503
[01-Sep-2015 05:45:02 UTC] PHP Notice:  Undefined index: page in /Users/vivekbhusal/www/EnergySmartResident/wp-content/plugins/login-page-designer/login-page-designer.php on line 156
[01-Sep-2015 05:45:02 UTC] PHP Stack trace:
[01-Sep-2015 05:45:02 UTC] PHP   1. {main}() /Users/vivekbhusal/www/EnergySmartResident/wp-admin/plugin-install.php:0
[01-Sep-2015 05:45:02 UTC] PHP   2. include() /Users/vivekbhusal/www/EnergySmartResident/wp-admin/plugin-install.php:94
[01-Sep-2015 05:45:02 UTC] PHP   3. do_action() /Users/vivekbhusal/www/EnergySmartResident/wp-admin/admin-header.php:92
[01-Sep-2015 05:45:02 UTC] PHP   4. call_user_func_array() /Users/vivekbhusal/www/EnergySmartResident/wp-includes/plugin.php:503
[01-Sep-2015 05:45:02 UTC] PHP   5. wlpd_add_color_picker() /Users/vivekbhusal/www/EnergySmartResident/wp-includes/plugin.php:503
[01-Sep-2015 05:45:37 UTC] PHP Notice:  Undefined index: page in /Users/vivekbhusal/www/EnergySmartResident/wp-content/plugins/login-page-designer/login-page-designer.php on line 156
[01-Sep-2015 05:45:37 UTC] PHP Stack trace:
[01-Sep-2015 05:45:37 UTC] PHP   1. {main}() /Users/vivekbhusal/www/EnergySmartResident/wp-admin/plugin-install.php:0
[01-Sep-2015 05:45:37 UTC] PHP   2. include() /Users/vivekbhusal/www/EnergySmartResident/wp-admin/plugin-install.php:94
[01-Sep-2015 05:45:37 UTC] PHP   3. do_action() /Users/vivekbhusal/www/EnergySmartResident/wp-admin/admin-header.php:92
[01-Sep-2015 05:45:37 UTC] PHP   4. call_user_func_array() /Users/vivekbhusal/www/EnergySmartResident/wp-includes/plugin.php:503
[01-Sep-2015 05:45:37 UTC] PHP   5. wlpd_add_color_picker() /Users/vivekbhusal/www/EnergySmartResident/wp-includes/plugin.php:503
[01-Sep-2015 05:45:50 UTC] PHP Notice:  Undefined index: page in /Users/vivekbhusal/www/EnergySmartResident/wp-content/plugins/login-page-designer/login-page-designer.php on line 156
[01-Sep-2015 05:45:50 UTC] PHP Stack trace:
[01-Sep-2015 05:45:50 UTC] PHP   1. {main}() /Users/vivekbhusal/www/EnergySmartResident/wp-admin/plugin-install.php:0
[01-Sep-2015 05:45:50 UTC] PHP   2. include() /Users/vivekbhusal/www/EnergySmartResident/wp-admin/plugin-install.php:94
[01-Sep-2015 05:45:50 UTC] PHP   3. do_action() /Users/vivekbhusal/www/EnergySmartResident/wp-admin/admin-header.php:92
[01-Sep-2015 05:45:50 UTC] PHP   4. call_user_func_array() /Users/vivekbhusal/www/EnergySmartResident/wp-includes/plugin.php:503
[01-Sep-2015 05:45:50 UTC] PHP   5. wlpd_add_color_picker() /Users/vivekbhusal/www/EnergySmartResident/wp-includes/plugin.php:503
[01-Sep-2015 05:45:55 UTC] PHP Notice:  Undefined index: page in /Users/vivekbhusal/www/EnergySmartResident/wp-content/plugins/login-page-designer/login-page-designer.php on line 156
[01-Sep-2015 05:45:55 UTC] PHP Stack trace:
[01-Sep-2015 05:45:55 UTC] PHP   1. {main}() /Users/vivekbhusal/www/EnergySmartResident/wp-admin/update.php:0
[01-Sep-2015 05:45:55 UTC] PHP   2. require_once() /Users/vivekbhusal/www/EnergySmartResident/wp-admin/update.php:109
[01-Sep-2015 05:45:55 UTC] PHP   3. do_action() /Users/vivekbhusal/www/EnergySmartResident/wp-admin/admin-header.php:92
[01-Sep-2015 05:45:55 UTC] PHP   4. call_user_func_array() /Users/vivekbhusal/www/EnergySmartResident/wp-includes/plugin.php:503
[01-Sep-2015 05:45:55 UTC] PHP   5. wlpd_add_color_picker() /Users/vivekbhusal/www/EnergySmartResident/wp-includes/plugin.php:503
[01-Sep-2015 05:46:07 UTC] PHP Notice:  Undefined index: page in /Users/vivekbhusal/www/EnergySmartResident/wp-content/plugins/login-page-designer/login-page-designer.php on line 156
[01-Sep-2015 05:46:07 UTC] PHP Stack trace:
[01-Sep-2015 05:46:07 UTC] PHP   1. {main}() /Users/vivekbhusal/www/EnergySmartResident/wp-admin/plugins.php:0
[01-Sep-2015 05:46:07 UTC] PHP   2. require_once() /Users/vivekbhusal/www/EnergySmartResident/wp-admin/plugins.php:401
[01-Sep-2015 05:46:07 UTC] PHP   3. do_action() /Users/vivekbhusal/www/EnergySmartResident/wp-admin/admin-header.php:92
[01-Sep-2015 05:46:07 UTC] PHP   4. call_user_func_array() /Users/vivekbhusal/www/EnergySmartResident/wp-includes/plugin.php:503
[01-Sep-2015 05:46:07 UTC] PHP   5. wlpd_add_color_picker() /Users/vivekbhusal/www/EnergySmartResident/wp-includes/plugin.php:503
[01-Sep-2015 05:47:14 UTC] PHP Notice:  Undefined index: page in /Users/vivekbhusal/www/EnergySmartResident/wp-content/plugins/login-page-designer/login-page-designer.php on line 156
[01-Sep-2015 05:47:14 UTC] PHP Stack trace:
[01-Sep-2015 05:47:14 UTC] PHP   1. {main}() /Users/vivekbhusal/www/EnergySmartResident/wp-admin/nav-menus.php:0
[01-Sep-2015 05:47:14 UTC] PHP   2. require_once() /Users/vivekbhusal/www/EnergySmartResident/wp-admin/nav-menus.php:564
[01-Sep-2015 05:47:14 UTC] PHP   3. do_action() /Users/vivekbhusal/www/EnergySmartResident/wp-admin/admin-header.php:92
[01-Sep-2015 05:47:14 UTC] PHP   4. call_user_func_array() /Users/vivekbhusal/www/EnergySmartResident/wp-includes/plugin.php:503
[01-Sep-2015 05:47:14 UTC] PHP   5. wlpd_add_color_picker() /Users/vivekbhusal/www/EnergySmartResident/wp-includes/plugin.php:503
[01-Sep-2015 05:48:16 UTC] PHP Notice:  Undefined index: page in /Users/vivekbhusal/www/EnergySmartResident/wp-content/plugins/login-page-designer/login-page-designer.php on line 156
[01-Sep-2015 05:48:16 UTC] PHP Stack trace:
[01-Sep-2015 05:48:16 UTC] PHP   1. {main}() /Users/vivekbhusal/www/EnergySmartResident/wp-admin/nav-menus.php:0
[01-Sep-2015 05:48:16 UTC] PHP   2. require_once() /Users/vivekbhusal/www/EnergySmartResident/wp-admin/nav-menus.php:564
[01-Sep-2015 05:48:16 UTC] PHP   3. do_action() /Users/vivekbhusal/www/EnergySmartResident/wp-admin/admin-header.php:92
[01-Sep-2015 05:48:16 UTC] PHP   4. call_user_func_array() /Users/vivekbhusal/www/EnergySmartResident/wp-includes/plugin.php:503
[01-Sep-2015 05:48:16 UTC] PHP   5. wlpd_add_color_picker() /Users/vivekbhusal/www/EnergySmartResident/wp-includes/plugin.php:503
[01-Sep-2015 05:48:35 UTC] PHP Notice:  Undefined index: page in /Users/vivekbhusal/www/EnergySmartResident/wp-content/plugins/login-page-designer/login-page-designer.php on line 156
[01-Sep-2015 05:48:35 UTC] PHP Stack trace:
[01-Sep-2015 05:48:35 UTC] PHP   1. {main}() /Users/vivekbhusal/www/EnergySmartResident/wp-admin/index.php:0
[01-Sep-2015 05:48:35 UTC] PHP   2. include() /Users/vivekbhusal/www/EnergySmartResident/wp-admin/index.php:92
[01-Sep-2015 05:48:35 UTC] PHP   3. do_action() /Users/vivekbhusal/www/EnergySmartResident/wp-admin/admin-header.php:92
[01-Sep-2015 05:48:35 UTC] PHP   4. call_user_func_array() /Users/vivekbhusal/www/EnergySmartResident/wp-includes/plugin.php:503
[01-Sep-2015 05:48:35 UTC] PHP   5. wlpd_add_color_picker() /Users/vivekbhusal/www/EnergySmartResident/wp-includes/plugin.php:503
[01-Sep-2015 05:48:39 UTC] PHP Notice:  Undefined index: page in /Users/vivekbhusal/www/EnergySmartResident/wp-content/plugins/login-page-designer/login-page-designer.php on line 156
[01-Sep-2015 05:48:39 UTC] PHP Stack trace:
[01-Sep-2015 05:48:39 UTC] PHP   1. {main}() /Users/vivekbhusal/www/EnergySmartResident/wp-admin/index.php:0
[01-Sep-2015 05:48:39 UTC] PHP   2. include() /Users/vivekbhusal/www/EnergySmartResident/wp-admin/index.php:92
[01-Sep-2015 05:48:39 UTC] PHP   3. do_action() /Users/vivekbhusal/www/EnergySmartResident/wp-admin/admin-header.php:92
[01-Sep-2015 05:48:39 UTC] PHP   4. call_user_func_array() /Users/vivekbhusal/www/EnergySmartResident/wp-includes/plugin.php:503
[01-Sep-2015 05:48:39 UTC] PHP   5. wlpd_add_color_picker() /Users/vivekbhusal/www/EnergySmartResident/wp-includes/plugin.php:503
[01-Sep-2015 05:49:41 UTC] PHP Notice:  Undefined index: page in /Users/vivekbhusal/www/EnergySmartResident/wp-content/plugins/login-page-designer/login-page-designer.php on line 156
[01-Sep-2015 05:49:41 UTC] PHP Stack trace:
[01-Sep-2015 05:49:41 UTC] PHP   1. {main}() /Users/vivekbhusal/www/EnergySmartResident/wp-admin/nav-menus.php:0
[01-Sep-2015 05:49:41 UTC] PHP   2. require_once() /Users/vivekbhusal/www/EnergySmartResident/wp-admin/nav-menus.php:564
[01-Sep-2015 05:49:41 UTC] PHP   3. do_action() /Users/vivekbhusal/www/EnergySmartResident/wp-admin/admin-header.php:92
[01-Sep-2015 05:49:41 UTC] PHP   4. call_user_func_array() /Users/vivekbhusal/www/EnergySmartResident/wp-includes/plugin.php:503
[01-Sep-2015 05:49:41 UTC] PHP   5. wlpd_add_color_picker() /Users/vivekbhusal/www/EnergySmartResident/wp-includes/plugin.php:503
[01-Sep-2015 05:50:49 UTC] PHP Notice:  Undefined index: page in /Users/vivekbhusal/www/EnergySmartResident/wp-content/plugins/login-page-designer/login-page-designer.php on line 156
[01-Sep-2015 05:50:49 UTC] PHP Stack trace:
[01-Sep-2015 05:50:49 UTC] PHP   1. {main}() /Users/vivekbhusal/www/EnergySmartResident/wp-admin/nav-menus.php:0
[01-Sep-2015 05:50:49 UTC] PHP   2. require_once() /Users/vivekbhusal/www/EnergySmartResident/wp-admin/nav-menus.php:564
[01-Sep-2015 05:50:49 UTC] PHP   3. do_action() /Users/vivekbhusal/www/EnergySmartResident/wp-admin/admin-header.php:92
[01-Sep-2015 05:50:49 UTC] PHP   4. call_user_func_array() /Users/vivekbhusal/www/EnergySmartResident/wp-includes/plugin.php:503
[01-Sep-2015 05:50:49 UTC] PHP   5. wlpd_add_color_picker() /Users/vivekbhusal/www/EnergySmartResident/wp-includes/plugin.php:503
[01-Sep-2015 05:50:53 UTC] PHP Notice:  Undefined index: page in /Users/vivekbhusal/www/EnergySmartResident/wp-content/plugins/login-page-designer/login-page-designer.php on line 156
[01-Sep-2015 05:50:53 UTC] PHP Stack trace:
[01-Sep-2015 05:50:53 UTC] PHP   1. {main}() /Users/vivekbhusal/www/EnergySmartResident/wp-admin/nav-menus.php:0
[01-Sep-2015 05:50:53 UTC] PHP   2. require_once() /Users/vivekbhusal/www/EnergySmartResident/wp-admin/nav-menus.php:564
[01-Sep-2015 05:50:53 UTC] PHP   3. do_action() /Users/vivekbhusal/www/EnergySmartResident/wp-admin/admin-header.php:92
[01-Sep-2015 05:50:53 UTC] PHP   4. call_user_func_array() /Users/vivekbhusal/www/EnergySmartResident/wp-includes/plugin.php:503
[01-Sep-2015 05:50:53 UTC] PHP   5. wlpd_add_color_picker() /Users/vivekbhusal/www/EnergySmartResident/wp-includes/plugin.php:503
[01-Sep-2015 05:51:01 UTC] PHP Notice:  Undefined index: page in /Users/vivekbhusal/www/EnergySmartResident/wp-content/plugins/login-page-designer/login-page-designer.php on line 156
[01-Sep-2015 05:51:01 UTC] PHP Stack trace:
[01-Sep-2015 05:51:01 UTC] PHP   1. {main}() /Users/vivekbhusal/www/EnergySmartResident/wp-admin/plugins.php:0
[01-Sep-2015 05:51:01 UTC] PHP   2. require_once() /Users/vivekbhusal/www/EnergySmartResident/wp-admin/plugins.php:401
[01-Sep-2015 05:51:01 UTC] PHP   3. do_action() /Users/vivekbhusal/www/EnergySmartResident/wp-admin/admin-header.php:92
[01-Sep-2015 05:51:01 UTC] PHP   4. call_user_func_array() /Users/vivekbhusal/www/EnergySmartResident/wp-includes/plugin.php:503
[01-Sep-2015 05:51:01 UTC] PHP   5. wlpd_add_color_picker() /Users/vivekbhusal/www/EnergySmartResident/wp-includes/plugin.php:503
[01-Sep-2015 05:51:07 UTC] PHP Notice:  Undefined index: page in /Users/vivekbhusal/www/EnergySmartResident/wp-content/plugins/login-page-designer/login-page-designer.php on line 156
[01-Sep-2015 05:51:07 UTC] PHP Stack trace:
[01-Sep-2015 05:51:07 UTC] PHP   1. {main}() /Users/vivekbhusal/www/EnergySmartResident/wp-admin/plugins.php:0
[01-Sep-2015 05:51:07 UTC] PHP   2. require_once() /Users/vivekbhusal/www/EnergySmartResident/wp-admin/plugins.php:401
[01-Sep-2015 05:51:07 UTC] PHP   3. do_action() /Users/vivekbhusal/www/EnergySmartResident/wp-admin/admin-header.php:92
[01-Sep-2015 05:51:07 UTC] PHP   4. call_user_func_array() /Users/vivekbhusal/www/EnergySmartResident/wp-includes/plugin.php:503
[01-Sep-2015 05:51:07 UTC] PHP   5. wlpd_add_color_picker() /Users/vivekbhusal/www/EnergySmartResident/wp-includes/plugin.php:503
[01-Sep-2015 05:51:11 UTC] PHP Notice:  Undefined index: page in /Users/vivekbhusal/www/EnergySmartResident/wp-content/plugins/login-page-designer/login-page-designer.php on line 156
[01-Sep-2015 05:51:11 UTC] PHP Stack trace:
[01-Sep-2015 05:51:11 UTC] PHP   1. {main}() /Users/vivekbhusal/www/EnergySmartResident/wp-admin/plugins.php:0
[01-Sep-2015 05:51:11 UTC] PHP   2. require_once() /Users/vivekbhusal/www/EnergySmartResident/wp-admin/plugins.php:240
[01-Sep-2015 05:51:11 UTC] PHP   3. do_action() /Users/vivekbhusal/www/EnergySmartResident/wp-admin/admin-header.php:92
[01-Sep-2015 05:51:11 UTC] PHP   4. call_user_func_array() /Users/vivekbhusal/www/EnergySmartResident/wp-includes/plugin.php:503
[01-Sep-2015 05:51:11 UTC] PHP   5. wlpd_add_color_picker() /Users/vivekbhusal/www/EnergySmartResident/wp-includes/plugin.php:503
[01-Sep-2015 05:51:14 UTC] PHP Notice:  Undefined index: page in /Users/vivekbhusal/www/EnergySmartResident/wp-content/plugins/login-page-designer/login-page-designer.php on line 156
[01-Sep-2015 05:51:14 UTC] PHP Stack trace:
[01-Sep-2015 05:51:14 UTC] PHP   1. {main}() /Users/vivekbhusal/www/EnergySmartResident/wp-admin/plugins.php:0
[01-Sep-2015 05:51:14 UTC] PHP   2. require_once() /Users/vivekbhusal/www/EnergySmartResident/wp-admin/plugins.php:401
[01-Sep-2015 05:51:14 UTC] PHP   3. do_action() /Users/vivekbhusal/www/EnergySmartResident/wp-admin/admin-header.php:92
[01-Sep-2015 05:51:14 UTC] PHP   4. call_user_func_array() /Users/vivekbhusal/www/EnergySmartResident/wp-includes/plugin.php:503
[01-Sep-2015 05:51:14 UTC] PHP   5. wlpd_add_color_picker() /Users/vivekbhusal/www/EnergySmartResident/wp-includes/plugin.php:503
[01-Sep-2015 05:53:12 UTC] PHP Parse error:  parse error in /Users/vivekbhusal/www/EnergySmartResident/wp-content/plugins/easy-admin-theme/easy-admin-theme.php on line 132
[01-Sep-2015 05:53:12 UTC] PHP Stack trace:
[01-Sep-2015 05:53:12 UTC] PHP   1. {main}() /Users/vivekbhusal/www/EnergySmartResident/wp-admin/plugins.php:0
[01-Sep-2015 05:53:12 UTC] PHP   2. activate_plugin() /Users/vivekbhusal/www/EnergySmartResident/wp-admin/plugins.php:42
[01-Sep-2015 05:53:13 UTC] PHP Notice:  Undefined index: page in /Users/vivekbhusal/www/EnergySmartResident/wp-content/plugins/login-page-designer/login-page-designer.php on line 156
[01-Sep-2015 05:53:13 UTC] PHP Stack trace:
[01-Sep-2015 05:53:13 UTC] PHP   1. {main}() /Users/vivekbhusal/www/EnergySmartResident/wp-admin/plugins.php:0
[01-Sep-2015 05:53:13 UTC] PHP   2. require_once() /Users/vivekbhusal/www/EnergySmartResident/wp-admin/plugins.php:401
[01-Sep-2015 05:53:13 UTC] PHP   3. do_action() /Users/vivekbhusal/www/EnergySmartResident/wp-admin/admin-header.php:92
[01-Sep-2015 05:53:13 UTC] PHP   4. call_user_func_array() /Users/vivekbhusal/www/EnergySmartResident/wp-includes/plugin.php:503
[01-Sep-2015 05:53:13 UTC] PHP   5. wlpd_add_color_picker() /Users/vivekbhusal/www/EnergySmartResident/wp-includes/plugin.php:503
[01-Sep-2015 05:53:14 UTC] PHP Parse error:  parse error in /Users/vivekbhusal/www/EnergySmartResident/wp-content/plugins/easy-admin-theme/easy-admin-theme.php on line 132
[01-Sep-2015 05:53:14 UTC] PHP Stack trace:
[01-Sep-2015 05:53:14 UTC] PHP   1. {main}() /Users/vivekbhusal/www/EnergySmartResident/wp-admin/plugins.php:0
[01-Sep-2015 05:53:14 UTC] PHP   2. plugin_sandbox_scrape() /Users/vivekbhusal/www/EnergySmartResident/wp-admin/plugins.php:158
[01-Sep-2015 05:53:14 UTC] PHP Parse error:  parse error in /Users/vivekbhusal/www/EnergySmartResident/wp-content/plugins/easy-admin-theme/easy-admin-theme.php on line 132
[01-Sep-2015 05:53:14 UTC] PHP Stack trace:
[01-Sep-2015 05:53:14 UTC] PHP   1. {main}() /Users/vivekbhusal/www/EnergySmartResident/wp-admin/plugins.php:0
[01-Sep-2015 05:53:14 UTC] PHP   2. plugin_sandbox_scrape() /Users/vivekbhusal/www/EnergySmartResident/wp-admin/plugins.php:158
[01-Sep-2015 05:53:18 UTC] PHP Notice:  Undefined index: page in /Users/vivekbhusal/www/EnergySmartResident/wp-content/plugins/login-page-designer/login-page-designer.php on line 156
[01-Sep-2015 05:53:18 UTC] PHP Stack trace:
[01-Sep-2015 05:53:18 UTC] PHP   1. {main}() /Users/vivekbhusal/www/EnergySmartResident/wp-admin/plugins.php:0
[01-Sep-2015 05:53:18 UTC] PHP   2. require_once() /Users/vivekbhusal/www/EnergySmartResident/wp-admin/plugins.php:240
[01-Sep-2015 05:53:18 UTC] PHP   3. do_action() /Users/vivekbhusal/www/EnergySmartResident/wp-admin/admin-header.php:92
[01-Sep-2015 05:53:18 UTC] PHP   4. call_user_func_array() /Users/vivekbhusal/www/EnergySmartResident/wp-includes/plugin.php:503
[01-Sep-2015 05:53:18 UTC] PHP   5. wlpd_add_color_picker() /Users/vivekbhusal/www/EnergySmartResident/wp-includes/plugin.php:503
[01-Sep-2015 05:53:22 UTC] PHP Notice:  Undefined index: page in /Users/vivekbhusal/www/EnergySmartResident/wp-content/plugins/login-page-designer/login-page-designer.php on line 156
[01-Sep-2015 05:53:22 UTC] PHP Stack trace:
[01-Sep-2015 05:53:22 UTC] PHP   1. {main}() /Users/vivekbhusal/www/EnergySmartResident/wp-admin/plugins.php:0
[01-Sep-2015 05:53:22 UTC] PHP   2. require_once() /Users/vivekbhusal/www/EnergySmartResident/wp-admin/plugins.php:401
[01-Sep-2015 05:53:22 UTC] PHP   3. do_action() /Users/vivekbhusal/www/EnergySmartResident/wp-admin/admin-header.php:92
[01-Sep-2015 05:53:22 UTC] PHP   4. call_user_func_array() /Users/vivekbhusal/www/EnergySmartResident/wp-includes/plugin.php:503
[01-Sep-2015 05:53:22 UTC] PHP   5. wlpd_add_color_picker() /Users/vivekbhusal/www/EnergySmartResident/wp-includes/plugin.php:503
[01-Sep-2015 05:54:08 UTC] PHP Notice:  Undefined index: page in /Users/vivekbhusal/www/EnergySmartResident/wp-content/plugins/login-page-designer/login-page-designer.php on line 156
[01-Sep-2015 05:54:08 UTC] PHP Stack trace:
[01-Sep-2015 05:54:08 UTC] PHP   1. {main}() /Users/vivekbhusal/www/EnergySmartResident/wp-admin/plugins.php:0
[01-Sep-2015 05:54:08 UTC] PHP   2. require_once() /Users/vivekbhusal/www/EnergySmartResident/wp-admin/plugins.php:240
[01-Sep-2015 05:54:08 UTC] PHP   3. do_action() /Users/vivekbhusal/www/EnergySmartResident/wp-admin/admin-header.php:92
[01-Sep-2015 05:54:08 UTC] PHP   4. call_user_func_array() /Users/vivekbhusal/www/EnergySmartResident/wp-includes/plugin.php:503
[01-Sep-2015 05:54:08 UTC] PHP   5. wlpd_add_color_picker() /Users/vivekbhusal/www/EnergySmartResident/wp-includes/plugin.php:503
[01-Sep-2015 05:54:12 UTC] PHP Notice:  Undefined index: page in /Users/vivekbhusal/www/EnergySmartResident/wp-content/plugins/login-page-designer/login-page-designer.php on line 156
[01-Sep-2015 05:54:12 UTC] PHP Stack trace:
[01-Sep-2015 05:54:12 UTC] PHP   1. {main}() /Users/vivekbhusal/www/EnergySmartResident/wp-admin/plugins.php:0
[01-Sep-2015 05:54:12 UTC] PHP   2. require_once() /Users/vivekbhusal/www/EnergySmartResident/wp-admin/plugins.php:401
[01-Sep-2015 05:54:12 UTC] PHP   3. do_action() /Users/vivekbhusal/www/EnergySmartResident/wp-admin/admin-header.php:92
[01-Sep-2015 05:54:12 UTC] PHP   4. call_user_func_array() /Users/vivekbhusal/www/EnergySmartResident/wp-includes/plugin.php:503
[01-Sep-2015 05:54:12 UTC] PHP   5. wlpd_add_color_picker() /Users/vivekbhusal/www/EnergySmartResident/wp-includes/plugin.php:503
[01-Sep-2015 09:33:46 UTC] PHP Warning:  An unexpected error occurred. Something may be wrong with WordPress.org or this server&#8217;s configuration. If you continue to have problems, please try the <a href="https://wordpress.org/support/">support forums</a>. (WordPress could not establish a secure connection to WordPress.org. Please contact your server administrator.) in /Users/vivekbhusal/www/EnergySmartResident/wp-includes/update.php on line 302
[01-Sep-2015 09:33:46 UTC] PHP Stack trace:
[01-Sep-2015 09:33:46 UTC] PHP   1. {main}() /Users/vivekbhusal/www/EnergySmartResident/wp-cron.php:0
[01-Sep-2015 09:33:46 UTC] PHP   2. do_action_ref_array() /Users/vivekbhusal/www/EnergySmartResident/wp-cron.php:117
[01-Sep-2015 09:33:46 UTC] PHP   3. call_user_func_array() /Users/vivekbhusal/www/EnergySmartResident/wp-includes/plugin.php:579
[01-Sep-2015 09:33:46 UTC] PHP   4. wp_maybe_auto_update() /Users/vivekbhusal/www/EnergySmartResident/wp-includes/plugin.php:579
[01-Sep-2015 09:33:46 UTC] PHP   5. WP_Automatic_Updater->run() /Users/vivekbhusal/www/EnergySmartResident/wp-includes/update.php:498
[01-Sep-2015 09:33:46 UTC] PHP   6. wp_update_plugins() /Users/vivekbhusal/www/EnergySmartResident/wp-admin/includes/class-wp-upgrader.php:2871
[01-Sep-2015 09:33:46 UTC] PHP   7. trigger_error() /Users/vivekbhusal/www/EnergySmartResident/wp-includes/update.php:302
[01-Sep-2015 09:33:46 UTC] PHP Warning:  An unexpected error occurred. Something may be wrong with WordPress.org or this server&#8217;s configuration. If you continue to have problems, please try the <a href="https://wordpress.org/support/">support forums</a>. (WordPress could not establish a secure connection to WordPress.org. Please contact your server administrator.) in /Users/vivekbhusal/www/EnergySmartResident/wp-includes/update.php on line 466
[01-Sep-2015 09:33:46 UTC] PHP Stack trace:
[01-Sep-2015 09:33:46 UTC] PHP   1. {main}() /Users/vivekbhusal/www/EnergySmartResident/wp-cron.php:0
[01-Sep-2015 09:33:46 UTC] PHP   2. do_action_ref_array() /Users/vivekbhusal/www/EnergySmartResident/wp-cron.php:117
[01-Sep-2015 09:33:46 UTC] PHP   3. call_user_func_array() /Users/vivekbhusal/www/EnergySmartResident/wp-includes/plugin.php:579
[01-Sep-2015 09:33:46 UTC] PHP   4. wp_maybe_auto_update() /Users/vivekbhusal/www/EnergySmartResident/wp-includes/plugin.php:579
[01-Sep-2015 09:33:46 UTC] PHP   5. WP_Automatic_Updater->run() /Users/vivekbhusal/www/EnergySmartResident/wp-includes/update.php:498
[01-Sep-2015 09:33:46 UTC] PHP   6. wp_update_themes() /Users/vivekbhusal/www/EnergySmartResident/wp-admin/includes/class-wp-upgrader.php:2882
[01-Sep-2015 09:33:46 UTC] PHP   7. trigger_error() /Users/vivekbhusal/www/EnergySmartResident/wp-includes/update.php:466
[01-Sep-2015 09:33:46 UTC] PHP Warning:  An unexpected error occurred. Something may be wrong with WordPress.org or this server&#8217;s configuration. If you continue to have problems, please try the <a href="https://wordpress.org/support/">support forums</a>. (WordPress could not establish a secure connection to WordPress.org. Please contact your server administrator.) in /Users/vivekbhusal/www/EnergySmartResident/wp-includes/update.php on line 122
[01-Sep-2015 09:33:46 UTC] PHP Stack trace:
[01-Sep-2015 09:33:46 UTC] PHP   1. {main}() /Users/vivekbhusal/www/EnergySmartResident/wp-cron.php:0
[01-Sep-2015 09:33:46 UTC] PHP   2. do_action_ref_array() /Users/vivekbhusal/www/EnergySmartResident/wp-cron.php:117
[01-Sep-2015 09:33:46 UTC] PHP   3. call_user_func_array() /Users/vivekbhusal/www/EnergySmartResident/wp-includes/plugin.php:579
[01-Sep-2015 09:33:46 UTC] PHP   4. wp_maybe_auto_update() /Users/vivekbhusal/www/EnergySmartResident/wp-includes/plugin.php:579
[01-Sep-2015 09:33:46 UTC] PHP   5. WP_Automatic_Updater->run() /Users/vivekbhusal/www/EnergySmartResident/wp-includes/update.php:498
[01-Sep-2015 09:33:46 UTC] PHP   6. wp_version_check() /Users/vivekbhusal/www/EnergySmartResident/wp-admin/includes/class-wp-upgrader.php:2893
[01-Sep-2015 09:33:46 UTC] PHP   7. trigger_error() /Users/vivekbhusal/www/EnergySmartResident/wp-includes/update.php:122
[01-Sep-2015 09:33:46 UTC] PHP Warning:  An unexpected error occurred. Something may be wrong with WordPress.org or this server&#8217;s configuration. If you continue to have problems, please try the <a href="https://wordpress.org/support/">support forums</a>. (WordPress could not establish a secure connection to WordPress.org. Please contact your server administrator.) in /Users/vivekbhusal/www/EnergySmartResident/wp-includes/update.php on line 466
[01-Sep-2015 09:33:46 UTC] PHP Stack trace:
[01-Sep-2015 09:33:46 UTC] PHP   1. {main}() /Users/vivekbhusal/www/EnergySmartResident/wp-cron.php:0
[01-Sep-2015 09:33:46 UTC] PHP   2. do_action_ref_array() /Users/vivekbhusal/www/EnergySmartResident/wp-cron.php:117
[01-Sep-2015 09:33:46 UTC] PHP   3. call_user_func_array() /Users/vivekbhusal/www/EnergySmartResident/wp-includes/plugin.php:579
[01-Sep-2015 09:33:46 UTC] PHP   4. wp_maybe_auto_update() /Users/vivekbhusal/www/EnergySmartResident/wp-includes/plugin.php:579
[01-Sep-2015 09:33:46 UTC] PHP   5. WP_Automatic_Updater->run() /Users/vivekbhusal/www/EnergySmartResident/wp-includes/update.php:498
[01-Sep-2015 09:33:46 UTC] PHP   6. wp_update_themes() /Users/vivekbhusal/www/EnergySmartResident/wp-admin/includes/class-wp-upgrader.php:2907
[01-Sep-2015 09:33:46 UTC] PHP   7. trigger_error() /Users/vivekbhusal/www/EnergySmartResident/wp-includes/update.php:466
[01-Sep-2015 09:33:46 UTC] PHP Warning:  An unexpected error occurred. Something may be wrong with WordPress.org or this server&#8217;s configuration. If you continue to have problems, please try the <a href="https://wordpress.org/support/">support forums</a>. (WordPress could not establish a secure connection to WordPress.org. Please contact your server administrator.) in /Users/vivekbhusal/www/EnergySmartResident/wp-includes/update.php on line 302
[01-Sep-2015 09:33:46 UTC] PHP Stack trace:
[01-Sep-2015 09:33:46 UTC] PHP   1. {main}() /Users/vivekbhusal/www/EnergySmartResident/wp-cron.php:0
[01-Sep-2015 09:33:46 UTC] PHP   2. do_action_ref_array() /Users/vivekbhusal/www/EnergySmartResident/wp-cron.php:117
[01-Sep-2015 09:33:46 UTC] PHP   3. call_user_func_array() /Users/vivekbhusal/www/EnergySmartResident/wp-includes/plugin.php:579
[01-Sep-2015 09:33:46 UTC] PHP   4. wp_maybe_auto_update() /Users/vivekbhusal/www/EnergySmartResident/wp-includes/plugin.php:579
[01-Sep-2015 09:33:46 UTC] PHP   5. WP_Automatic_Updater->run() /Users/vivekbhusal/www/EnergySmartResident/wp-includes/update.php:498
[01-Sep-2015 09:33:46 UTC] PHP   6. wp_update_plugins() /Users/vivekbhusal/www/EnergySmartResident/wp-admin/includes/class-wp-upgrader.php:2915
[01-Sep-2015 09:33:46 UTC] PHP   7. trigger_error() /Users/vivekbhusal/www/EnergySmartResident/wp-includes/update.php:302
